<?xml version="1.0" encoding="UTF-8"?>
<testng-results ignored="0" total="1" passed="1" failed="0" skipped="0">
  <reporter-output>
  </reporter-output>
  <suite started-at="2023-05-27T23:50:07 IST" name="Default suite" finished-at="2023-05-27T23:50:10 IST" duration-ms="3267">
    <groups>
    </groups>
    <test started-at="2023-05-27T23:50:07 IST" name="Default test" finished-at="2023-05-27T23:50:10 IST" duration-ms="3267">
      <class name="requestRepositoryPackage.Post_req_repository">
        <test-method is-config="true" signature="base_URI()[pri:0, instance:requestRepositoryPackage.Post_req_repository@4ebff610]" started-at="2023-05-27T23:50:07 IST" name="base_URI" finished-at="2023-05-27T23:50:07 IST" duration-ms="17" status="PASS">
          <reporter-output>
          </reporter-output>
        </test-method> <!-- base_URI -->
      </class> <!-- requestRepositoryPackage.Post_req_repository -->
      <class name="testClassPackage.Post_tc_1">
        <test-method signature="execute()[pri:0, instance:testClassPackage.Post_tc_1@6f44a157]" started-at="2023-05-27T23:50:07 IST" name="execute" finished-at="2023-05-27T23:50:10 IST" duration-ms="3131" status="PASS">
          <reporter-output>
          </reporter-output>
        </test-method> <!-- execute -->
      </class> <!-- testClassPackage.Post_tc_1 -->
    </test> <!-- Default test -->
  </suite> <!-- Default suite -->
</testng-results>
